/*C3*/SET SCHEMA PUBLIC
DISCONNECT
/*C5*/SET SCHEMA PUBLIC
INSERT INTO AUDITORIAREGISTROS VALUES('402881a69794e87c0197989357eb0000',NULL,'2025-06-22',FALSE,NULL,NULL,FALSE,FALSE,0,0,0,NULL,'4028807a9702d41f019702dc31d20001')
DELETE FROM AUDITORIAREGISTROS WHERE ID='402881a69794e87c0197989357eb0000'
INSERT INTO AUDITORIAREGISTROS VALUES('402881a69794e87c0197989357eb0000',8,'2025-06-22',FALSE,NULL,NULL,FALSE,FALSE,0,0,0,'D\u00eda sin turno asignado.','4028807a9702d41f019702dc31d20001')
COMMIT
DELETE FROM PERSONAL_JORNADASASIGNADAS WHERE PERSONAL_ID='4028807a9702d41f019702dc31d20001' AND FECHAFIN IS NULL AND FECHAINICIO='2025-02-01' AND TURNO_ID='4028807a9702d41f019702dc96950002'
DELETE FROM PERSONAL_JORNADASASIGNADAS WHERE PERSONAL_ID='4028807a9702d41f019702dc31d20001' AND FECHAFIN IS NULL AND FECHAINICIO='2025-02-10' AND TURNO_ID='4028807a9702d41f019702dd12cb0003'
INSERT INTO PERSONAL_JORNADASASIGNADAS VALUES('4028807a9702d41f019702dc31d20001',NULL,'2025-02-01',NULL)
INSERT INTO PERSONAL_JORNADASASIGNADAS VALUES('4028807a9702d41f019702dc31d20001',NULL,'2025-02-10',NULL)
COMMIT
DELETE FROM PERSONAL_JORNADASASIGNADAS WHERE PERSONAL_ID='4028807a9702d41f019702dc31d20001' AND FECHAFIN IS NULL AND FECHAINICIO='2025-02-01' AND TURNO_ID IS NULL
DELETE FROM PERSONAL_JORNADASASIGNADAS WHERE PERSONAL_ID='4028807a9702d41f019702dc31d20001' AND FECHAFIN IS NULL AND FECHAINICIO='2025-02-10' AND TURNO_ID IS NULL
INSERT INTO PERSONAL_JORNADASASIGNADAS VALUES('4028807a9702d41f019702dc31d20001',NULL,'2025-02-01',NULL)
INSERT INTO PERSONAL_JORNADASASIGNADAS VALUES('4028807a9702d41f019702dc31d20001',NULL,'2025-02-10',NULL)
COMMIT
DELETE FROM PERSONAL_JORNADASASIGNADAS WHERE PERSONAL_ID='4028807a9702d41f019702dc31d20001' AND FECHAFIN IS NULL AND FECHAINICIO='2025-02-01' AND TURNO_ID IS NULL
DELETE FROM PERSONAL_JORNADASASIGNADAS WHERE PERSONAL_ID='4028807a9702d41f019702dc31d20001' AND FECHAFIN IS NULL AND FECHAINICIO='2025-02-10' AND TURNO_ID IS NULL
COMMIT
INSERT INTO PERSONAL_JORNADASASIGNADAS VALUES('4028807a9702d41f019702dc31d20001',NULL,'2025-02-01','4028807a9702d41f019702dc96950002')
INSERT INTO PERSONAL_JORNADASASIGNADAS VALUES('4028807a9702d41f019702dc31d20001',NULL,'2025-06-25','4028807a9702d41f019702dd12cb0003')
COMMIT
